<?xml version="1.0" encoding="UTF-8"?>
<testsuite name="com.target.product.service.ProductServiceTest" tests="1" skipped="0" failures="0" errors="0" timestamp="2020-03-10T03:40:16" hostname="DESKTOP-SD1THAN" time="0.081">
  <properties/>
  <testcase name="testing getCurrency when product is not found in db " classname="com.target.product.service.ProductServiceTest" time="0.081"/>
  <system-out><![CDATA[]]></system-out>
  <system-err><![CDATA[]]></system-err>
</testsuite>
